<?xml version="1.0" encoding="UTF-8"?>
<robot generator="Robot 5.0 (Python 3.9.7 on win32)" generated="20220330 12:49:18.969" rpa="false" schemaversion="3">
<suite id="s1" name="Browser Demo" source="C:\Users\valtteri.heiskanen\PycharmProjects\InstaDemo\tests\browser_demo.robot">
<test id="s1-t1" name="TC1: Browse To URL" line="14">
<kw name="Open Page With Browser">
<arg>${BROWSER}</arg>
<arg>${url}</arg>
<doc>Opens a page with a selected browser.</doc>
<kw name="New Browser" library="Browser">
<arg>${browser}</arg>
<arg>headless=False</arg>
<tag>BrowserControl</tag>
<tag>Setter</tag>
<doc>Create a new playwright Browser with specified options.</doc>
<msg timestamp="20220330 12:49:19.875" level="INFO">{"browser": "firefox", "headless": false, "handleSIGINT": true, "handleSIGTERM": true, "handleSIGHUP": true, "timeout": 30000.0, "devtools": false, "slowMo": 0.0, "tracesDir": "C:\\Users\\valtteri.heiskanen\\PycharmProjects\\InstaDemo\\tests\\results\\browser\\traces\\ad8c2ee2-8dda-4251-878a-90c4da8ba136"}</msg>
<msg timestamp="20220330 12:49:22.509" level="INFO">Successfully created browser with options: {"browser":"firefox","headless":false,"handleSIGINT":true,"handleSIGTERM":true,"handleSIGHUP":true,"timeout":30000,"devtools":false,"slowMo":0,"tracesDir":"C:\\Users\\valtteri.heiskanen\\PycharmProjects\\InstaDemo\\tests\\results\\browser\\traces\\ad8c2ee2-8dda-4251-878a-90c4da8ba136"}</msg>
<status status="PASS" starttime="20220330 12:49:19.875" endtime="20220330 12:49:22.509"/>
</kw>
<kw name="New Page" library="Browser">
<arg>${url}</arg>
<tag>BrowserControl</tag>
<tag>Setter</tag>
<doc>Open a new Page.</doc>
<msg timestamp="20220330 12:49:29.169" level="INFO">Successfully initialized new page object and opened url: http://www.insta.fi</msg>
<msg timestamp="20220330 12:49:29.169" level="INFO">No context was open. New context was automatically opened when this page is created.</msg>
<status status="PASS" starttime="20220330 12:49:22.509" endtime="20220330 12:49:29.169"/>
</kw>
<kw name="Wait Until Network Is Idle" library="Browser">
<arg>timeout=${timeout}</arg>
<tag>HTTP</tag>
<tag>Wait</tag>
<doc>Waits until there has been at least one instance of 500 ms of no network traffic on the page after loading.</doc>
<status status="PASS" starttime="20220330 12:49:29.170" endtime="20220330 12:49:34.144"/>
</kw>
<kw name="Click" library="Browser">
<arg>id=hs-eu-confirmation-button</arg>
<tag>PageContent</tag>
<tag>Setter</tag>
<doc>Simulates mouse click on the element found by ``selector``.</doc>
<status status="PASS" starttime="20220330 12:49:34.144" endtime="20220330 12:49:34.237"/>
</kw>
<status status="PASS" starttime="20220330 12:49:19.874" endtime="20220330 12:49:34.237"/>
</kw>
<kw name="Close Page" library="Browser">
<arg>CURRENT</arg>
<tag>BrowserControl</tag>
<tag>Setter</tag>
<doc>Closes the ``page`` in ``context`` in ``browser``.</doc>
<msg timestamp="20220330 12:49:34.244" level="INFO">[{"type": "firefox", "id": "browser=e574c1b9-43f2-4e22-890b-6fb683215104", "contexts": [{"type": "context", "id": "context=fa374e2c-84fe-4350-a374-fa04f8931914", "activePage": "page=3d4662ce-ff7c-46ef-90cf-c4ec70c65d9f", "pages": [{"type": "page", "title": "Insta - Turvallisen digitalisaation edell\u00e4k\u00e4vij\u00e4", "url": "https://www.insta.fi/", "id": "page=3d4662ce-ff7c-46ef-90cf-c4ec70c65d9f", "timestamp": 1648633763.388}]}], "activeContext": "context=fa374e2c-84fe-4350-a374-fa04f8931914", "activeBrowser": true}]</msg>
<msg timestamp="20220330 12:49:34.245" level="INFO">Active context id</msg>
<msg timestamp="20220330 12:49:34.246" level="INFO">Successfully changed active browser</msg>
<msg timestamp="20220330 12:49:34.247" level="INFO">Returned active context id</msg>
<msg timestamp="20220330 12:49:34.250" level="INFO">Successfully changed active context</msg>
<msg timestamp="20220330 12:49:34.267" level="INFO">Successfully closed Page</msg>
<status status="PASS" starttime="20220330 12:49:34.239" endtime="20220330 12:49:34.268"/>
</kw>
<doc>Browses to the selected URL</doc>
<tag>idemo</tag>
<tag>url</tag>
<status status="PASS" starttime="20220330 12:49:19.872" endtime="20220330 12:49:34.269"/>
</test>
<test id="s1-t2" name="TC2: Verify Texts" line="21">
<kw name="Open Page With Browser">
<arg>${BROWSER}</arg>
<arg>${url}</arg>
<doc>Opens a page with a selected browser.</doc>
<kw name="New Browser" library="Browser">
<arg>${browser}</arg>
<arg>headless=False</arg>
<tag>BrowserControl</tag>
<tag>Setter</tag>
<doc>Create a new playwright Browser with specified options.</doc>
<msg timestamp="20220330 12:49:34.316" level="INFO">{"browser": "firefox", "headless": false, "handleSIGINT": true, "handleSIGTERM": true, "handleSIGHUP": true, "timeout": 30000.0, "devtools": false, "slowMo": 0.0, "tracesDir": "C:\\Users\\valtteri.heiskanen\\PycharmProjects\\InstaDemo\\tests\\results\\browser\\traces\\3991e0cd-3b55-49f0-90ab-0fa62962c9b3"}</msg>
<msg timestamp="20220330 12:49:36.708" level="INFO">Successfully created browser with options: {"browser":"firefox","headless":false,"handleSIGINT":true,"handleSIGTERM":true,"handleSIGHUP":true,"timeout":30000,"devtools":false,"slowMo":0,"tracesDir":"C:\\Users\\valtteri.heiskanen\\PycharmProjects\\InstaDemo\\tests\\results\\browser\\traces\\3991e0cd-3b55-49f0-90ab-0fa62962c9b3"}</msg>
<status status="PASS" starttime="20220330 12:49:34.315" endtime="20220330 12:49:36.708"/>
</kw>
<kw name="New Page" library="Browser">
<arg>${url}</arg>
<tag>BrowserControl</tag>
<tag>Setter</tag>
<doc>Open a new Page.</doc>
<msg timestamp="20220330 12:49:40.996" level="INFO">Successfully initialized new page object and opened url: http://www.insta.fi</msg>
<msg timestamp="20220330 12:49:40.996" level="INFO">No context was open. New context was automatically opened when this page is created.</msg>
<status status="PASS" starttime="20220330 12:49:36.708" endtime="20220330 12:49:40.996"/>
</kw>
<kw name="Wait Until Network Is Idle" library="Browser">
<arg>timeout=${timeout}</arg>
<tag>HTTP</tag>
<tag>Wait</tag>
<doc>Waits until there has been at least one instance of 500 ms of no network traffic on the page after loading.</doc>
<status status="PASS" starttime="20220330 12:49:40.996" endtime="20220330 12:49:46.852"/>
</kw>
<kw name="Click" library="Browser">
<arg>id=hs-eu-confirmation-button</arg>
<tag>PageContent</tag>
<tag>Setter</tag>
<doc>Simulates mouse click on the element found by ``selector``.</doc>
<status status="PASS" starttime="20220330 12:49:46.853" endtime="20220330 12:49:46.932"/>
</kw>
<status status="PASS" starttime="20220330 12:49:34.314" endtime="20220330 12:49:46.932"/>
</kw>
<kw name="Verify Insta Text">
<arg>${textFi}</arg>
<doc>Verifies Insta text.</doc>
<kw name="Get Text" library="Browser">
<var>${wyt}</var>
<arg>//*[@class="hero__content--content"]/p[1]</arg>
<tag>Assertion</tag>
<tag>Getter</tag>
<tag>PageContent</tag>
<doc>Returns text attribute of the element found by ``selector``.</doc>
<msg timestamp="20220330 12:49:46.971" level="INFO">${wyt} = Meihin on lupa luottaa.</msg>
<status status="PASS" starttime="20220330 12:49:46.933" endtime="20220330 12:49:46.971"/>
</kw>
<kw name="Strip String" library="String">
<var>${wyt}</var>
<arg>${wyt}</arg>
<doc>Remove leading and/or trailing whitespaces from the given string.</doc>
<msg timestamp="20220330 12:49:46.972" level="INFO">${wyt} = Meihin on lupa luottaa.</msg>
<status status="PASS" starttime="20220330 12:49:46.971" endtime="20220330 12:49:46.972"/>
</kw>
<kw name="Strip String" library="String">
<var>${text}</var>
<arg>${text}</arg>
<doc>Remove leading and/or trailing whitespaces from the given string.</doc>
<msg timestamp="20220330 12:49:46.972" level="INFO">${text} = Meihin on lupa luottaa.</msg>
<status status="PASS" starttime="20220330 12:49:46.972" endtime="20220330 12:49:46.972"/>
</kw>
<kw name="Should Be Equal As Strings" library="BuiltIn">
<arg>${wyt}</arg>
<arg>${text}</arg>
<doc>Fails if objects are unequal after converting them to strings.</doc>
<status status="PASS" starttime="20220330 12:49:46.972" endtime="20220330 12:49:46.972"/>
</kw>
<status status="PASS" starttime="20220330 12:49:46.933" endtime="20220330 12:49:46.973"/>
</kw>
<kw name="Change Language">
<arg>${LANG}</arg>
<doc>Changes language.</doc>
<kw name="Click" library="Browser">
<arg>//*[@href="/en/en/"]</arg>
<tag>PageContent</tag>
<tag>Setter</tag>
<doc>Simulates mouse click on the element found by ``selector``.</doc>
<status status="PASS" starttime="20220330 12:49:46.974" endtime="20220330 12:49:47.119"/>
</kw>
<kw name="Wait Until Network Is Idle" library="Browser">
<arg>timeout=${timeout}</arg>
<tag>HTTP</tag>
<tag>Wait</tag>
<doc>Waits until there has been at least one instance of 500 ms of no network traffic on the page after loading.</doc>
<status status="PASS" starttime="20220330 12:49:47.119" endtime="20220330 12:49:50.467"/>
</kw>
<kw name="Get Text" library="Browser">
<var>${text}</var>
<arg>id=lang-switcher</arg>
<tag>Assertion</tag>
<tag>Getter</tag>
<tag>PageContent</tag>
<doc>Returns text attribute of the element found by ``selector``.</doc>
<msg timestamp="20220330 12:49:50.531" level="INFO">${text} = FI</msg>
<status status="PASS" starttime="20220330 12:49:50.467" endtime="20220330 12:49:50.531"/>
</kw>
<kw name="Strip String" library="String">
<var>${lang}</var>
<arg>${lang}</arg>
<doc>Remove leading and/or trailing whitespaces from the given string.</doc>
<msg timestamp="20220330 12:49:50.531" level="INFO">${lang} = FI</msg>
<status status="PASS" starttime="20220330 12:49:50.531" endtime="20220330 12:49:50.531"/>
</kw>
<kw name="Strip String" library="String">
<var>${text}</var>
<arg>${text}</arg>
<doc>Remove leading and/or trailing whitespaces from the given string.</doc>
<msg timestamp="20220330 12:49:50.531" level="INFO">${text} = FI</msg>
<status status="PASS" starttime="20220330 12:49:50.531" endtime="20220330 12:49:50.531"/>
</kw>
<kw name="Should Be Equal As Strings" library="BuiltIn">
<arg>${text}</arg>
<arg>${lang}</arg>
<doc>Fails if objects are unequal after converting them to strings.</doc>
<status status="PASS" starttime="20220330 12:49:50.531" endtime="20220330 12:49:50.532"/>
</kw>
<status status="PASS" starttime="20220330 12:49:46.973" endtime="20220330 12:49:50.532"/>
</kw>
<kw name="Verify Insta Text">
<arg>${textEn}</arg>
<doc>Verifies Insta text.</doc>
<kw name="Get Text" library="Browser">
<var>${wyt}</var>
<arg>//*[@class="hero__content--content"]/p[1]</arg>
<tag>Assertion</tag>
<tag>Getter</tag>
<tag>PageContent</tag>
<doc>Returns text attribute of the element found by ``selector``.</doc>
<msg timestamp="20220330 12:49:50.557" level="INFO">${wyt} = We are worth your trust.
</msg>
<status status="PASS" starttime="20220330 12:49:50.533" endtime="20220330 12:49:50.557"/>
</kw>
<kw name="Strip String" library="String">
<var>${wyt}</var>
<arg>${wyt}</arg>
<doc>Remove leading and/or trailing whitespaces from the given string.</doc>
<msg timestamp="20220330 12:49:50.557" level="INFO">${wyt} = We are worth your trust.</msg>
<status status="PASS" starttime="20220330 12:49:50.557" endtime="20220330 12:49:50.557"/>
</kw>
<kw name="Strip String" library="String">
<var>${text}</var>
<arg>${text}</arg>
<doc>Remove leading and/or trailing whitespaces from the given string.</doc>
<msg timestamp="20220330 12:49:50.558" level="INFO">${text} = We are worth your trust.</msg>
<status status="PASS" starttime="20220330 12:49:50.557" endtime="20220330 12:49:50.558"/>
</kw>
<kw name="Should Be Equal As Strings" library="BuiltIn">
<arg>${wyt}</arg>
<arg>${text}</arg>
<doc>Fails if objects are unequal after converting them to strings.</doc>
<status status="PASS" starttime="20220330 12:49:50.558" endtime="20220330 12:49:50.558"/>
</kw>
<status status="PASS" starttime="20220330 12:49:50.533" endtime="20220330 12:49:50.558"/>
</kw>
<kw name="Close Page" library="Browser">
<arg>CURRENT</arg>
<tag>BrowserControl</tag>
<tag>Setter</tag>
<doc>Closes the ``page`` in ``context`` in ``browser``.</doc>
<msg timestamp="20220330 12:49:50.562" level="INFO">[{"type": "firefox", "id": "browser=e574c1b9-43f2-4e22-890b-6fb683215104", "contexts": [], "activeBrowser": false}, {"type": "firefox", "id": "browser=9ee0872e-2664-4117-8c8f-408b076c9031", "contexts": [{"type": "context", "id": "context=c1c21b28-7cb7-48d5-94e4-3754106cd4d3", "activePage": "page=695da293-90d1-43ad-8613-aeb7142fe1c5", "pages": [{"type": "page", "title": "Insta - Front runner in secure digitalization", "url": "https://www.insta.fi/en/en/", "id": "page=695da293-90d1-43ad-8613-aeb7142fe1c5", "timestamp": 1648633777.563}]}], "activeContext": "context=c1c21b28-7cb7-48d5-94e4-3754106cd4d3", "activeBrowser": true}]</msg>
<msg timestamp="20220330 12:49:50.563" level="INFO">Active context id</msg>
<msg timestamp="20220330 12:49:50.564" level="INFO">Successfully changed active browser</msg>
<msg timestamp="20220330 12:49:50.565" level="INFO">Returned active context id</msg>
<msg timestamp="20220330 12:49:50.567" level="INFO">Successfully changed active context</msg>
<msg timestamp="20220330 12:49:50.573" level="INFO">Successfully closed Page</msg>
<status status="PASS" starttime="20220330 12:49:50.559" endtime="20220330 12:49:50.574"/>
</kw>
<doc>Verifies text with different languages</doc>
<tag>idemo</tag>
<tag>text</tag>
<status status="PASS" starttime="20220330 12:49:34.308" endtime="20220330 12:49:50.575"/>
</test>
<status status="PASS" starttime="20220330 12:49:18.971" endtime="20220330 12:49:50.615"/>
</suite>
<statistics>
<total>
<stat pass="2" fail="0" skip="0">All Tests</stat>
</total>
<tag>
<stat pass="2" fail="0" skip="0">idemo</stat>
<stat pass="1" fail="0" skip="0">text</stat>
<stat pass="1" fail="0" skip="0">url</stat>
</tag>
<suite>
<stat pass="2" fail="0" skip="0" id="s1" name="Browser Demo">Browser Demo</stat>
</suite>
</statistics>
<errors>
</errors>
</robot>
